2017-08-26 00:03:24.270  INFO 4408 --- [main] o.s.boot.SpringApplication               : 
  .   ____          _            __ _ _
 /\\ / ___'_ __ _ _(_)_ __  __ _ \ \ \ \
( ( )\___ | '_ | '_| | '_ \/ _` | \ \ \ \
 \\/  ___)| |_)| | | | | || (_| |  ) ) ) )
  '  |____| .__|_| |_|_| |_\__, | / / / /
 =========|_|==============|___/=/_/_/_/
[32m :: Spring Boot :: [39m      [2m (v1.5.6.RELEASE)[0;39m


2017-08-26 00:03:25.469  INFO 4408 --- [main] com.Aleksandr.Cake.CakeApplication       : Starting CakeApplication on GreanFrog with PID 4408 (D:\MyProjects(JAVA)\Cake\build\classes\java\main started by Konfetka in D:\MyProjects(JAVA)\Cake)
2017-08-26 00:03:25.470  INFO 4408 --- [main] com.Aleksandr.Cake.CakeApplication       : No active profile set, falling back to default profiles: default
2017-08-26 00:03:27.043  INFO 4408 --- [main] ationConfigEmbeddedWebApplicationContext : Refreshing org.springframework.boot.context.embedded.AnnotationConfigEmbeddedWebApplicationContext@3bbc39f8: startup date [Sat Aug 26 00:03:26 EEST 2017]; root of context hierarchy
2017-08-26 00:03:37.566  INFO 4408 --- [main] s.b.c.e.t.TomcatEmbeddedServletContainer : Tomcat initialized with port(s): 8000 (http)
2017-08-26 00:03:37.598  INFO 4408 --- [main] o.apache.catalina.core.StandardService   : Starting service [Tomcat]
2017-08-26 00:03:37.600  INFO 4408 --- [main] org.apache.catalina.core.StandardEngine  : Starting Servlet Engine: Apache Tomcat/8.5.16
2017-08-26 00:03:38.468  INFO 4408 --- [localhost-startStop-1] org.apache.jasper.servlet.TldScanner     : At least one JAR was scanned for TLDs yet contained no TLDs. Enable debug logging for this logger for a complete list of JARs that were scanned but no TLDs were found in them. Skipping unneeded JARs during scanning can improve startup time and JSP compilation time.
2017-08-26 00:03:38.474  INFO 4408 --- [localhost-startStop-1] o.a.c.c.C.[Tomcat].[localhost].[/]       : Initializing Spring embedded WebApplicationContext
2017-08-26 00:03:38.474  INFO 4408 --- [localhost-startStop-1] o.s.web.context.ContextLoader            : Root WebApplicationContext: initialization completed in 11477 ms
2017-08-26 00:03:38.965  INFO 4408 --- [localhost-startStop-1] o.s.b.w.servlet.FilterRegistrationBean   : Mapping filter: 'characterEncodingFilter' to: [/*]
2017-08-26 00:03:38.966  INFO 4408 --- [localhost-startStop-1] o.s.b.w.servlet.FilterRegistrationBean   : Mapping filter: 'hiddenHttpMethodFilter' to: [/*]
2017-08-26 00:03:38.967  INFO 4408 --- [localhost-startStop-1] o.s.b.w.servlet.FilterRegistrationBean   : Mapping filter: 'httpPutFormContentFilter' to: [/*]
2017-08-26 00:03:38.969  INFO 4408 --- [localhost-startStop-1] o.s.b.w.servlet.FilterRegistrationBean   : Mapping filter: 'requestContextFilter' to: [/*]
2017-08-26 00:03:38.972  INFO 4408 --- [localhost-startStop-1] .s.DelegatingFilterProxyRegistrationBean : Mapping filter: 'springSecurityFilterChain' to: [/*]
2017-08-26 00:03:38.973  INFO 4408 --- [localhost-startStop-1] o.s.b.w.servlet.ServletRegistrationBean  : Mapping servlet: 'dispatcherServlet' to [/]
2017-08-26 00:03:40.528  INFO 4408 --- [main] j.LocalContainerEntityManagerFactoryBean : Building JPA container EntityManagerFactory for persistence unit 'default'
2017-08-26 00:03:43.176  INFO 4408 --- [main] j.LocalContainerEntityManagerFactoryBean : Initialized JPA EntityManagerFactory for persistence unit 'default'
2017-08-26 00:03:44.576  INFO 4408 --- [main] c.Aleksandr.Cake.SecurityConfiguration   : Start class SecurityConfiguration!!!
2017-08-26 00:03:44.899  INFO 4408 --- [main] c.Aleksandr.Cake.SecurityConfiguration   : Start class SecurityConfiguration with role!!
2017-08-26 00:03:44.924  INFO 4408 --- [main] o.s.s.web.DefaultSecurityFilterChain     : Creating filter chain: Ant [pattern='/resources/**'], []
2017-08-26 00:03:44.924  INFO 4408 --- [main] o.s.s.web.DefaultSecurityFilterChain     : Creating filter chain: Ant [pattern='/static/**'], []
2017-08-26 00:03:44.925  INFO 4408 --- [main] o.s.s.web.DefaultSecurityFilterChain     : Creating filter chain: Ant [pattern='/css/**'], []
2017-08-26 00:03:44.925  INFO 4408 --- [main] o.s.s.web.DefaultSecurityFilterChain     : Creating filter chain: Ant [pattern='/js/**'], []
2017-08-26 00:03:44.926  INFO 4408 --- [main] o.s.s.web.DefaultSecurityFilterChain     : Creating filter chain: Ant [pattern='/images/**'], []
2017-08-26 00:03:45.064  INFO 4408 --- [main] o.s.s.web.DefaultSecurityFilterChain     : Creating filter chain: org.springframework.security.web.util.matcher.AnyRequestMatcher@1, [org.springframework.security.web.context.request.async.WebAsyncManagerIntegrationFilter@43588265, org.springframework.security.web.context.SecurityContextPersistenceFilter@5b322873, org.springframework.security.web.header.HeaderWriterFilter@4c5da4f9, org.springframework.security.web.authentication.logout.LogoutFilter@6b6def36, org.springframework.security.web.authentication.UsernamePasswordAuthenticationFilter@729cd862, org.springframework.security.web.savedrequest.RequestCacheAwareFilter@7ad889be, org.springframework.security.web.servletapi.SecurityContextHolderAwareRequestFilter@762bf32d, org.springframework.security.web.authentication.AnonymousAuthenticationFilter@6f8667bb, org.springframework.security.web.session.SessionManagementFilter@70d3cdbf, org.springframework.security.web.access.ExceptionTranslationFilter@60dcf9ec, org.springframework.security.web.access.intercept.FilterSecurityInterceptor@36463b09]
2017-08-26 00:03:45.515  INFO 4408 --- [main] s.w.s.m.m.a.RequestMappingHandlerAdapter : Looking for @ControllerAdvice: org.springframework.boot.context.embedded.AnnotationConfigEmbeddedWebApplicationContext@3bbc39f8: startup date [Sat Aug 26 00:03:26 EEST 2017]; root of context hierarchy
2017-08-26 00:03:45.657  INFO 4408 --- [main] s.w.s.m.m.a.RequestMappingHandlerMapping : Mapped "{[/registration],methods=[GET]}" onto public org.springframework.web.servlet.ModelAndView com.Aleksandr.Cake.controller.LoginController.registration()
2017-08-26 00:03:45.659  INFO 4408 --- [main] s.w.s.m.m.a.RequestMappingHandlerMapping : Mapped "{[/registration],methods=[POST]}" onto public org.springframework.web.servlet.ModelAndView com.Aleksandr.Cake.controller.LoginController.createNewUser(com.Aleksandr.Cake.model.User,org.springframework.validation.BindingResult)
2017-08-26 00:03:45.659  INFO 4408 --- [main] s.w.s.m.m.a.RequestMappingHandlerMapping : Mapped "{[/ || /login],methods=[GET]}" onto public org.springframework.web.servlet.ModelAndView com.Aleksandr.Cake.controller.LoginController.login()
2017-08-26 00:03:45.660  INFO 4408 --- [main] s.w.s.m.m.a.RequestMappingHandlerMapping : Mapped "{[/admin/home],methods=[GET]}" onto public org.springframework.web.servlet.ModelAndView com.Aleksandr.Cake.controller.LoginController.home()
2017-08-26 00:03:45.661  INFO 4408 --- [main] s.w.s.m.m.a.RequestMappingHandlerMapping : Mapped "{[/index/{reader}],methods=[GET]}" onto public java.lang.String com.Aleksandr.Cake.controller.ReadingListController.readersBooks(java.lang.String,org.springframework.ui.Model)
2017-08-26 00:03:45.661  INFO 4408 --- [main] s.w.s.m.m.a.RequestMappingHandlerMapping : Mapped "{[/index/{reader}],methods=[POST]}" onto public java.lang.String com.Aleksandr.Cake.controller.ReadingListController.addToReadingList(java.lang.String,com.Aleksandr.Cake.model.Book)
2017-08-26 00:03:45.662  INFO 4408 --- [main] s.w.s.m.m.a.RequestMappingHandlerMapping : Mapped "{[/index]}" onto public java.lang.String com.Aleksandr.Cake.controller.ReadingListController.home()
2017-08-26 00:03:45.666  INFO 4408 --- [main] s.w.s.m.m.a.RequestMappingHandlerMapping : Mapped "{[/error]}" onto public org.springframework.http.ResponseEntity<java.util.Map<java.lang.String, java.lang.Object>> org.springframework.boot.autoconfigure.web.BasicErrorController.error(javax.servlet.http.HttpServletRequest)
2017-08-26 00:03:45.666  INFO 4408 --- [main] s.w.s.m.m.a.RequestMappingHandlerMapping : Mapped "{[/error],produces=[text/html]}" onto public org.springframework.web.servlet.ModelAndView org.springframework.boot.autoconfigure.web.BasicErrorController.errorHtml(javax.servlet.http.HttpServletRequest,javax.servlet.http.HttpServletResponse)
2017-08-26 00:03:45.700  INFO 4408 --- [main] com.Aleksandr.Cake.WebConfig             : Initialization addResourceHandlers!!!
2017-08-26 00:03:45.718  INFO 4408 --- [main] o.s.w.s.handler.SimpleUrlHandlerMapping  : Mapped URL path [/*.js/**] onto handler of type [class org.springframework.web.servlet.resource.ResourceHttpRequestHandler]
2017-08-26 00:03:45.718  INFO 4408 --- [main] o.s.w.s.handler.SimpleUrlHandlerMapping  : Mapped URL path [/*.css/**] onto handler of type [class org.springframework.web.servlet.resource.ResourceHttpRequestHandler]
2017-08-26 00:03:45.719  INFO 4408 --- [main] o.s.w.s.handler.SimpleUrlHandlerMapping  : Mapped URL path [/*.images/**] onto handler of type [class org.springframework.web.servlet.resource.ResourceHttpRequestHandler]
2017-08-26 00:03:45.719  INFO 4408 --- [main] o.s.w.s.handler.SimpleUrlHandlerMapping  : Mapped URL path [/webjars/**] onto handler of type [class org.springframework.web.servlet.resource.ResourceHttpRequestHandler]
2017-08-26 00:03:45.719  INFO 4408 --- [main] o.s.w.s.handler.SimpleUrlHandlerMapping  : Mapped URL path [/**] onto handler of type [class org.springframework.web.servlet.resource.ResourceHttpRequestHandler]
2017-08-26 00:03:45.797  INFO 4408 --- [main] o.s.w.s.handler.SimpleUrlHandlerMapping  : Mapped URL path [/**/favicon.ico] onto handler of type [class org.springframework.web.servlet.resource.ResourceHttpRequestHandler]
2017-08-26 00:03:46.706  INFO 4408 --- [main] b.a.s.AuthenticationManagerConfiguration : 

Using default security password: 1bde79af-2de8-4e8b-989f-5113b6e3c5ec

2017-08-26 00:03:46.956  INFO 4408 --- [main] o.s.j.e.a.AnnotationMBeanExporter        : Registering beans for JMX exposure on startup
2017-08-26 00:03:47.123  INFO 4408 --- [main] s.b.c.e.t.TomcatEmbeddedServletContainer : Tomcat started on port(s): 8000 (http)
2017-08-26 00:03:47.135  INFO 4408 --- [main] com.Aleksandr.Cake.CakeApplication       : Started CakeApplication in 23.734 seconds (JVM running for 25.012)
